2021-11-07 15:31:41.996  INFO 467850 --- [main] com.example.demo.SareetaApplication      : Starting SareetaApplication on chinanu-HP-Notebook with PID 467850 (/home/chinanu/Projects/nd035-c4-Security-and-DevOps/starter_code/target/classes started by chinanu in /home/chinanu/Projects/nd035-c4-Security-and-DevOps/starter_code)
2021-11-07 15:31:42.052  INFO 467850 --- [main] com.example.demo.SareetaApplication      : No active profile set, falling back to default profiles: default
2021-11-07 15:31:45.373  INFO 467850 --- [main] .s.d.r.c.RepositoryConfigurationDelegate : Bootstrapping Spring Data repositories in DEFAULT mode.
2021-11-07 15:31:45.564  INFO 467850 --- [main] .s.d.r.c.RepositoryConfigurationDelegate : Finished Spring Data repository scanning in 170ms. Found 4 repository interfaces.
2021-11-07 15:31:46.598  INFO 467850 --- [main] trationDelegate$BeanPostProcessorChecker : Bean 'org.springframework.transaction.annotation.ProxyTransactionManagementConfiguration' of type [org.springframework.transaction.annotation.ProxyTransactionManagementConfiguration$$EnhancerBySpringCGLIB$$4491119] is not eligible for getting processed by all BeanPostProcessors (for example: not eligible for auto-proxying)
2021-11-07 15:31:47.222  INFO 467850 --- [main] o.s.b.w.embedded.tomcat.TomcatWebServer  : Tomcat initialized with port(s): 8080 (http)
2021-11-07 15:31:47.337  INFO 467850 --- [main] o.apache.catalina.core.StandardService   : Starting service [Tomcat]
2021-11-07 15:31:47.338  INFO 467850 --- [main] org.apache.catalina.core.StandardEngine  : Starting Servlet engine: [Apache Tomcat/9.0.19]
2021-11-07 15:31:47.564  INFO 467850 --- [main] o.a.c.c.C.[Tomcat].[localhost].[/]       : Initializing Spring embedded WebApplicationContext
2021-11-07 15:31:47.564  INFO 467850 --- [main] o.s.web.context.ContextLoader            : Root WebApplicationContext: initialization completed in 4927 ms
2021-11-07 15:31:48.016  INFO 467850 --- [main] com.zaxxer.hikari.HikariDataSource       : HikariPool-1 - Starting...
2021-11-07 15:31:48.301  INFO 467850 --- [main] com.zaxxer.hikari.HikariDataSource       : HikariPool-1 - Start completed.
2021-11-07 15:31:48.474  INFO 467850 --- [main] o.hibernate.jpa.internal.util.LogHelper  : HHH000204: Processing PersistenceUnitInfo [
	name: default
	...]
2021-11-07 15:31:48.844  INFO 467850 --- [main] org.hibernate.Version                    : HHH000412: Hibernate Core {5.3.10.Final}
2021-11-07 15:31:48.845  INFO 467850 --- [main] org.hibernate.cfg.Environment            : HHH000206: hibernate.properties not found
2021-11-07 15:31:49.458  INFO 467850 --- [main] o.hibernate.annotations.common.Version   : HCANN000001: Hibernate Commons Annotations {5.0.4.Final}
2021-11-07 15:31:49.758  INFO 467850 --- [main] org.hibernate.dialect.Dialect            : HHH000400: Using dialect: org.hibernate.dialect.H2Dialect
2021-11-07 15:31:50.837  INFO 467850 --- [main] j.LocalContainerEntityManagerFactoryBean : Initialized JPA EntityManagerFactory for persistence unit 'default'
2021-11-07 15:31:51.758  WARN 467850 --- [main] aWebConfiguration$JpaWebMvcConfiguration : spring.jpa.open-in-view is enabled by default. Therefore, database queries may be performed during view rendering. Explicitly configure spring.jpa.open-in-view to disable this warning
2021-11-07 15:31:51.850  INFO 467850 --- [main] o.s.s.web.DefaultSecurityFilterChain     : Creating filter chain: any request, [org.springframework.security.web.context.request.async.WebAsyncManagerIntegrationFilter@54c3e686, org.springframework.security.web.context.SecurityContextPersistenceFilter@2212e291, org.springframework.security.web.header.HeaderWriterFilter@35995029, org.springframework.web.filter.CorsFilter@39840986, org.springframework.security.web.authentication.logout.LogoutFilter@a93c798, com.example.demo.security.JWTAuthenticationFilter@141229f6, com.example.demo.security.JWTAuthorizationFilter@723b8eff, org.springframework.security.web.savedrequest.RequestCacheAwareFilter@2314cd97, org.springframework.security.web.servletapi.SecurityContextHolderAwareRequestFilter@5342032a, org.springframework.security.web.authentication.AnonymousAuthenticationFilter@3987a1e8, org.springframework.security.web.session.SessionManagementFilter@31b91435, org.springframework.security.web.access.ExceptionTranslationFilter@129c322f, org.springframework.security.web.access.intercept.FilterSecurityInterceptor@4c614d8c]
2021-11-07 15:31:52.024  INFO 467850 --- [main] o.s.s.concurrent.ThreadPoolTaskExecutor  : Initializing ExecutorService 'applicationTaskExecutor'
2021-11-07 15:31:52.295  INFO 467850 --- [main] o.s.b.w.embedded.tomcat.TomcatWebServer  : Tomcat started on port(s): 8080 (http) with context path ''
2021-11-07 15:31:52.297  INFO 467850 --- [main] com.example.demo.SareetaApplication      : Started SareetaApplication in 12.151 seconds (JVM running for 13.821)
2021-11-07 15:32:00.095  INFO 467850 --- [Thread-3] o.s.s.concurrent.ThreadPoolTaskExecutor  : Shutting down ExecutorService 'applicationTaskExecutor'
2021-11-07 15:32:00.097  INFO 467850 --- [Thread-3] j.LocalContainerEntityManagerFactoryBean : Closing JPA EntityManagerFactory for persistence unit 'default'
2021-11-07 15:32:00.098  INFO 467850 --- [Thread-3] com.zaxxer.hikari.HikariDataSource       : HikariPool-1 - Shutdown initiated...
2021-11-07 15:32:00.103  INFO 467850 --- [Thread-3] com.zaxxer.hikari.HikariDataSource       : HikariPool-1 - Shutdown completed.
